This is pdfTeX, Version 3.141592653-2.6-1.40.26 (TeX Live 2024) (preloaded format=pdflatex 2024.9.20)  19 DEC 2025 23:50
entering extended mode
 restricted \write18 enabled.
 file:line:error style messages enabled.
 %&-line parsing enabled.
**ex_manas_helm.tex
(./ex_manas_helm.tex
LaTeX2e <2023-11-01> patch level 1
L3 programming layer <2024-02-20>
(/usr/local/texlive/2024/texmf-dist/tex/latex/base/article.cls
Document Class: article 2023/05/17 v1.4n Standard LaTeX document class
(/usr/local/texlive/2024/texmf-dist/tex/latex/base/size10.clo
File: size10.clo 2023/05/17 v1.4n Standard LaTeX file (size option)
)
\c@part=\count188
\c@section=\count189
\c@subsection=\count190
\c@subsubsection=\count191
\c@paragraph=\count192
\c@subparagraph=\count193
\c@figure=\count194
\c@table=\count195
\abovecaptionskip=\skip48
\belowcaptionskip=\skip49
\bibindent=\dimen140
)
(/usr/local/texlive/2024/texmf-dist/tex/latex/graphics/graphicx.sty
Package: graphicx 2021/09/16 v1.2d Enhanced LaTeX Graphics (DPC,SPQR)

(/usr/local/texlive/2024/texmf-dist/tex/latex/graphics/keyval.sty
Package: keyval 2022/05/29 v1.15 key=value parser (DPC)
\KV@toks@=\toks17
)
(/usr/local/texlive/2024/texmf-dist/tex/latex/graphics/graphics.sty
Package: graphics 2022/03/10 v1.4e Standard LaTeX Graphics (DPC,SPQR)

(/usr/local/texlive/2024/texmf-dist/tex/latex/graphics/trig.sty
Package: trig 2021/08/11 v1.11 sin cos tan (DPC)
)
(/usr/local/texlive/2024/texmf-dist/tex/latex/graphics-cfg/graphics.cfg
File: graphics.cfg 2016/06/04 v1.11 sample graphics configuration
)
Package graphics Info: Driver file: pdftex.def on input line 107.

(/usr/local/texlive/2024/texmf-dist/tex/latex/graphics-def/pdftex.def
File: pdftex.def 2022/09/22 v1.2b Graphics/color driver for pdftex
))
\Gin@req@height=\dimen141
\Gin@req@width=\dimen142
)
(/usr/local/texlive/2024/texmf-dist/tex/latex/graphics/color.sty
Package: color 2022/01/06 v1.3d Standard LaTeX Color (DPC)

(/usr/local/texlive/2024/texmf-dist/tex/latex/graphics-cfg/color.cfg
File: color.cfg 2016/01/02 v1.6 sample color configuration
)
Package color Info: Driver file: pdftex.def on input line 149.

(/usr/local/texlive/2024/texmf-dist/tex/latex/graphics/mathcolor.ltx))
(/usr/local/texlive/2024/texmf-dist/tex/latex/l3backend/l3backend-pdftex.def
File: l3backend-pdftex.def 2024-02-20 L3 backend support: PDF output (pdfTeX)
\l__color_backend_stack_int=\count196
\l__pdf_internal_box=\box51
)
No file ex_manas_helm.aux.
\openout1 = `ex_manas_helm.aux'.

LaTeX Font Info:    Checking defaults for OML/cmm/m/it on input line 13.
LaTeX Font Info:    ... okay on input line 13.
LaTeX Font Info:    Checking defaults for OMS/cmsy/m/n on input line 13.
LaTeX Font Info:    ... okay on input line 13.
LaTeX Font Info:    Checking defaults for OT1/cmr/m/n on input line 13.
LaTeX Font Info:    ... okay on input line 13.
LaTeX Font Info:    Checking defaults for T1/cmr/m/n on input line 13.
LaTeX Font Info:    ... okay on input line 13.
LaTeX Font Info:    Checking defaults for TS1/cmr/m/n on input line 13.
LaTeX Font Info:    ... okay on input line 13.
LaTeX Font Info:    Checking defaults for OMX/cmex/m/n on input line 13.
LaTeX Font Info:    ... okay on input line 13.
LaTeX Font Info:    Checking defaults for U/cmr/m/n on input line 13.
LaTeX Font Info:    ... okay on input line 13.
(/usr/local/texlive/2024/texmf-dist/tex/context/base/mkii/supp-pdf.mkii
[Loading MPS to PDF converter (version 2006.09.02).]
\scratchcounter=\count197
\scratchdimen=\dimen143
\scratchbox=\box52
\nofMPsegments=\count198
\nofMParguments=\count199
\everyMPshowfont=\toks18
\MPscratchCnt=\count266
\MPscratchDim=\dimen144
\MPnumerator=\count267
\makeMPintoPDFobject=\count268
\everyMPtoPDFconversion=\toks19
) (/usr/local/texlive/2024/texmf-dist/tex/latex/epstopdf-pkg/epstopdf-base.sty
Package: epstopdf-base 2020-01-24 v2.11 Base part for package epstopdf
Package epstopdf-base Info: Redefining graphics rule for `.eps' on input line 4
85.

(/usr/local/texlive/2024/texmf-dist/tex/latex/latexconfig/epstopdf-sys.cfg
File: epstopdf-sys.cfg 2010/07/13 v1.3 Configuration of (r)epstopdf for TeX Liv
e
))
Overfull \hbox (1.49698pt too wide) in paragraph at lines 235--235
[]\OT1/cmtt/m/n/10 %%%%%% Disretising the Boundary Integral Equation for the eq
uation[] 
 []


Overfull \hbox (48.74657pt too wide) in paragraph at lines 235--235
[]\OT1/cmtt/m/n/10 %%%%%%%%%%%       Trapezoidal Rule for sin(x^2log(|x|))     
  %%%%%%%%%%%%%[] 
 []


Overfull \hbox (111.74602pt too wide) in paragraph at lines 235--235
[]\OT1/cmtt/m/n/10 f = @(x) (1j/4)*besselh(0, k * sqrt( (x(:,1) - x0(:,1)).^2 +
 (x(:,2) - x0(:,2)).^2 ) );[] 
 []


Overfull \hbox (48.74657pt too wide) in paragraph at lines 235--235
[]\OT1/cmtt/m/n/10 % nge = @(t) [b*cos(t);a*sin(t)]./( ((b*cos(t)).^2 + (a*sin(
t)).^2).^0.5 );[] 
 []


Overfull \hbox (85.49625pt too wide) in paragraph at lines 235--235
[]\OT1/cmtt/m/n/10 der_ge = @(t) -a*m*sin(m*t).*[cos(t);sin(t)] + (1 + a*cos(m*
t)).*[-sin(t);cos(t)];[] 
 []


Overfull \hbox (111.74602pt too wide) in paragraph at lines 235--235
[]\OT1/cmtt/m/n/10 der2_ge = @(t) -(1 + a*cos(m*t)).*[cos(t);sin(t)] + 2*a*m*si
n(m*t).*[sin(t);-cos(t)]...[] 
 []


Overfull \hbox (85.49625pt too wide) in paragraph at lines 235--235
[]\OT1/cmtt/m/n/10 speed =  @(t) -a*m*sin(m*t).*[sin(t);-cos(t)] + (1 + a*cos(m
*t)).*[cos(t);sin(t)];[] 
 []

[1

{/usr/local/texlive/2024/texmf-var/fonts/map/pdftex/updmap/pdftex.map}]
Overfull \hbox (85.49625pt too wide) in paragraph at lines 235--235
[]\OT1/cmtt/m/n/10 %%%%  Defn of pts where diff betweenn true sol and double_la
yer is evaluated  %%%%[] 
 []


Overfull \hbox (95.99615pt too wide) in paragraph at lines 235--235
[]\OT1/cmtt/m/n/10 rng(1);                                    %%%%%% random num
ber generator fixes seed[] 
 []


Overfull \hbox (38.24666pt too wide) in paragraph at lines 235--235
[]    \OT1/cmtt/m/n/10 % w = (2*pi)/(2*n+1);   % weight associated with the par
ameterisation[] 
 []


Overfull \hbox (11.99689pt too wide) in paragraph at lines 235--235
[]\OT1/cmtt/m/n/10 %%%% Calculating bdry pts and bdry normal for sigma evaluati
on  %%%%[] 
 []

[2]
Overfull \hbox (59.24648pt too wide) in paragraph at lines 235--235
[]    \OT1/cmtt/m/n/10 w = (2*pi)/(2*n+1);         % weight associated with the
 parameterisation[] 
 []


Overfull \hbox (1.49698pt too wide) in paragraph at lines 235--235
[]    \OT1/cmtt/m/n/10 y = f(xx);                  % y for f = log|x-x0|   or  
 f = 5[] 
 []


Overfull \hbox (127.49588pt too wide) in paragraph at lines 235--235
[]    \OT1/cmtt/m/n/10 % rng(1);                                    %%%%%% rand
om number generator fixes seed[] 
 []

[3]
Overfull \hbox (27.74675pt too wide) in paragraph at lines 235--235
[]    \OT1/cmtt/m/n/10 double_layer = (1i*k*w/4)*( besselh(1, k*sqrt( (xpt - xg
m).^2 + ...[] 
 []


Overfull \hbox (101.24611pt too wide) in paragraph at lines 235--235
[]                        \OT1/cmtt/m/n/10 (ypt - ygm).^2)).*( (xpt - xgm).*xn 
+ (ypt - ygm).*yn )./ ...[] 
 []


Overfull \hbox (106.49606pt too wide) in paragraph at lines 235--235
[]                        \OT1/cmtt/m/n/10 (sqrt( (xpt - xgm).^2 + (ypt - ygm).
^2) ) )*(sigma.*absder_g);[] 
 []


Overfull \hbox (53.99652pt too wide) in paragraph at lines 235--235
[]    \OT1/cmtt/m/n/10 %%%%%%%%%% Calculating error between true sol and Double
 Layer %%%%%%%%%[] 
 []


Overfull \hbox (6.74693pt too wide) in paragraph at lines 235--235
[]\OT1/cmtt/m/n/10 xpt = repmat(xx, 1, length(xx)); xgm = repmat(xx.', length(x
x), 1);[] 
 []


Overfull \hbox (6.74693pt too wide) in paragraph at lines 235--235
[]\OT1/cmtt/m/n/10 ypt = repmat(xy, 1, length(xy)); ygm = repmat(xy.', length(x
y), 1);[] 
 []


Overfull \hbox (90.7462pt too wide) in paragraph at lines 235--235
[]\OT1/cmtt/m/n/10 ker = (1i*k/4)*besselh(1,k*sqrt( (xpt-xgm).^2 + (ypt-ygm).^2
)) .*((xpt-xgm).*nx ...[] 
 []


Overfull \hbox (6.74693pt too wide) in paragraph at lines 235--235
[]            \OT1/cmtt/m/n/10 + (ypt-ygm).*ny)./(sqrt( (xpt-xgm).^2 + (ypt-ygm
).^2));[] 
 []


Overfull \hbox (127.49588pt too wide) in paragraph at lines 235--235
[]    \OT1/cmtt/m/n/10 ker(i,i) = (1/(4*pi))*( n(i,1)*d2(i,1) + n(i,2)*d2(i,2) 
)/(  d1(i,1)^2 + d1(i,2)^2  );[] 
 []


Overfull \hbox (101.24611pt too wide) in paragraph at lines 235--235
[]\OT1/cmtt/m/n/10 % if your discretising points on "boundary" are all distant 
'h' away from each other,[] 
 []


Overfull \hbox (64.49643pt too wide) in paragraph at lines 235--235
[]\OT1/cmtt/m/n/10 % then you can get the error around points in the "domain" w
hich are at atmost[] 
 []

[4]
Overfull \hbox (53.99652pt too wide) in paragraph at lines 235--235
[]\OT1/cmtt/m/n/10 % 1. Plot the error as a function of the number 'n' and try 
to get the error[] 
 []


Overfull \hbox (95.99615pt too wide) in paragraph at lines 235--235
[]\OT1/cmtt/m/n/10 %   ANSWER:- For a fixed x(according to our notations which 
is the pts inside domain[] 
 []


Overfull \hbox (6.74693pt too wide) in paragraph at lines 235--235
[]\OT1/cmtt/m/n/10 %            where we evaluate the error), the error behaves
 as the[] 
 []


Overfull \hbox (53.99652pt too wide) in paragraph at lines 235--235
[]\OT1/cmtt/m/n/10 %            depends upon distance between the boundary and 
x, as the kernel[] 
 []


Overfull \hbox (64.49643pt too wide) in paragraph at lines 235--235
[]\OT1/cmtt/m/n/10 %            is of the order 1/(x-y) when x is in domain and
 y is in boundary.[] 
 []


Overfull \hbox (27.74675pt too wide) in paragraph at lines 235--235
[]\OT1/cmtt/m/n/10 % 2. Now try to solve the Helmholtz equation and see the asy
mptotics of[] 
 []


Overfull \hbox (43.49661pt too wide) in paragraph at lines 235--235
[]\OT1/cmtt/m/n/10 %    Single Layer and Double Layer in this case, where Green
's function is[] 
 []


Overfull \hbox (64.49643pt too wide) in paragraph at lines 235--235
[]\OT1/cmtt/m/n/10 %    given by G(x,y) = i/4*Hankel(0,1)(k|x-y|), i.e., calcul
ate the limit as x[] 
 []


Overfull \hbox (64.49643pt too wide) in paragraph at lines 235--235
[]\OT1/cmtt/m/n/10 % 3. Plot the error in Helmholtz case and get the rates and 
explain the reason[] 
 []


Overfull \hbox (64.49643pt too wide) in paragraph at lines 235--235
[]\OT1/cmtt/m/n/10 % 1. In this case, error is given by err(n) = c.n^(-3), whic
h we have observed[] 
 []


Overfull \hbox (48.74657pt too wide) in paragraph at lines 235--235
[]\OT1/cmtt/m/n/10 %    by fixing the pts(x in our notations), where error is t
o be evaluated,[] 
 []


Overfull \hbox (53.99652pt too wide) in paragraph at lines 235--235
[]\OT1/cmtt/m/n/10 % 2. In this case, also error depends on the distance of int
erior points and[] 
 []


Overfull \hbox (59.24648pt too wide) in paragraph at lines 235--235
[]\OT1/cmtt/m/n/10 %    boundary points, which is the "5h rule" which we have o
bserved by fixing[] 
 []


Overfull \hbox (43.49661pt too wide) in paragraph at lines 235--235
[]\OT1/cmtt/m/n/10 %    the node as 100, and varying the distance of pts(x in o
ur notations),[] 
 []


Overfull \hbox (48.74657pt too wide) in paragraph at lines 235--235
[]\OT1/cmtt/m/n/10 % 3. The nearer the points(x in our notations), where we are
 evaluating the[] 
 []


Overfull \hbox (22.4968pt too wide) in paragraph at lines 235--235
[]\OT1/cmtt/m/n/10 %    difference (u(x) - double_layer(x)), the more the error
, which is[] 
 []

Package epstopdf Info: Source file: <ex_manas_helm_01.eps>
(epstopdf)                    date: 2025-12-19 23:50:01
(epstopdf)                    size: 90108 bytes
(epstopdf)             Output file: <ex_manas_helm_01-eps-converted-to.pdf>
(epstopdf)             Command: <repstopdf --outfile=ex_manas_helm_01-eps-conve
rted-to.pdf ex_manas_helm_01.eps>
(epstopdf)             \includegraphics on input line 237.
runsystem(repstopdf --outfile=ex_manas_helm_01-eps-converted-to.pdf ex_manas_he
lm_01.eps)...executed safely (allowed).

Package epstopdf Info: Result file: <ex_manas_helm_01-eps-converted-to.pdf>
(epstopdf)                    date: 2025-12-19 23:50:30
(epstopdf)                    size: 68535 bytes.
<ex_manas_helm_01-eps-converted-to.pdf, id=17, 445.665pt x 183.68625pt>
File: ex_manas_helm_01-eps-converted-to.pdf Graphic file (type pdf)
<use ex_manas_helm_01-eps-converted-to.pdf>
Package pdftex.def Info: ex_manas_helm_01-eps-converted-to.pdf  used on input l
ine 237.
(pdftex.def)             Requested size: 289.07999pt x 119.14798pt.
[5 <./ex_manas_helm_01-eps-converted-to.pdf>] (./ex_manas_helm.aux)
 ***********
LaTeX2e <2023-11-01> patch level 1
L3 programming layer <2024-02-20>
 ***********
 ) 
Here is how much of TeX's memory you used:
 1348 strings out of 474116
 22651 string characters out of 5743682
 1937187 words of memory out of 5000000
 23749 multiletter control sequences out of 15000+600000
 558237 words of font info for 37 fonts, out of 8000000 for 9000
 1141 hyphenation exceptions out of 8191
 57i,5n,65p,208b,272s stack positions out of 10000i,1000n,20000p,200000b,200000s
</usr/local/texlive/2024/texmf-dist/fonts/type1/public/amsfonts/cm/cmr10.pfb>
</usr/local/texlive/2024/texmf-dist/fonts/type1/public/amsfonts/cm/cmtt10.pfb>
Output written on ex_manas_helm.pdf (5 pages, 102030 bytes).
PDF statistics:
 36 PDF objects out of 1000 (max. 8388607)
 22 compressed objects within 1 object stream
 0 named destinations out of 1000 (max. 500000)
 6 words of extra memory for PDF output out of 10000 (max. 10000000)

